# JRE version: OpenJDK Runtime Environment (8.0_242-b01) (build 1.8.0_242-release-1644-b01)
# Java VM: OpenJDK 64-Bit Server VM (25.242-b01 mixed mode windows-amd64 compressed oops)
Heap:
 PSYoungGen      total 147456K, used 45620K [0x00000000e0000000, 0x00000000ea480000, 0x0000000100000000)
  eden space 133120K, 23% used [0x00000000e0000000,0x00000000e1e8f9d8,0x00000000e8200000)
  from space 14336K, 99% used [0x00000000e8880000,0x00000000e967d938,0x00000000e9680000)
  to   space 11776K, 0% used [0x00000000e9900000,0x00000000e9900000,0x00000000ea480000)
 ParOldGen       total 91648K, used 27829K [0x00000000a0000000, 0x00000000a5980000, 0x00000000e0000000)
  object space 91648K, 30% used [0x00000000a0000000,0x00000000a1b2d768,0x00000000a5980000)
 Metaspace       used 55640K, capacity 57324K, committed 57472K, reserved 1099776K
  class space    used 7550K, capacity 8017K, committed 8064K, reserved 1048576K
GC Heap History (10 events):
Event: 7.273 GC heap before
{Heap before GC invocations=9 (full 1):
 PSYoungGen      total 76800K, used 74645K [0x00000000e0000000, 0x00000000e7d80000, 0x0000000100000000)
  eden space 66560K, 100% used [0x00000000e0000000,0x00000000e4100000,0x00000000e4100000)
  from space 10240K, 78% used [0x00000000e4100000,0x00000000e48e57f0,0x00000000e4b00000)
  to   space 10752K, 0% used [0x00000000e7300000,0x00000000e7300000,0x00000000e7d80000)
 ParOldGen       total 58368K, used 8352K [0x00000000a0000000, 0x00000000a3900000, 0x00000000e0000000)
  object space 58368K, 14% used [0x00000000a0000000,0x00000000a0828150,0x00000000a3900000)
 Metaspace       used 32294K, capacity 32846K, committed 33152K, reserved 1077248K
  class space    used 4448K, capacity 4646K, committed 4736K, reserved 1048576K
Event: 7.289 GC heap after
Heap after GC invocations=9 (full 1):
 PSYoungGen      total 117248K, used 8719K [0x00000000e0000000, 0x00000000e7e80000, 0x0000000100000000)
  eden space 106496K, 0% used [0x00000000e0000000,0x00000000e0000000,0x00000000e6800000)
  from space 10752K, 81% used [0x00000000e7300000,0x00000000e7b83f98,0x00000000e7d80000)
  to   space 11264K, 0% used [0x00000000e6800000,0x00000000e6800000,0x00000000e7300000)
 ParOldGen       total 58368K, used 8360K [0x00000000a0000000, 0x00000000a3900000, 0x00000000e0000000)
  object space 58368K, 14% used [0x00000000a0000000,0x00000000a082a150,0x00000000a3900000)
 Metaspace       used 32294K, capacity 32846K, committed 33152K, reserved 1077248K
  class space    used 4448K, capacity 4646K, committed 4736K, reserved 1048576K
}
Event: 8.612 GC heap before
{Heap before GC invocations=10 (full 1):
 PSYoungGen      total 117248K, used 70291K [0x00000000e0000000, 0x00000000e7e80000, 0x0000000100000000)
  eden space 106496K, 57% used [0x00000000e0000000,0x00000000e3c20eb8,0x00000000e6800000)
  from space 10752K, 81% used [0x00000000e7300000,0x00000000e7b83f98,0x00000000e7d80000)
  to   space 11264K, 0% used [0x00000000e6800000,0x00000000e6800000,0x00000000e7300000)
 ParOldGen       total 58368K, used 8360K [0x00000000a0000000, 0x00000000a3900000, 0x00000000e0000000)
  object space 58368K, 14% used [0x00000000a0000000,0x00000000a082a150,0x00000000a3900000)
 Metaspace       used 34685K, capacity 35336K, committed 35456K, reserved 1079296K
  class space    used 4777K, capacity 4989K, committed 4992K, reserved 1048576K
Event: 8.633 GC heap after
Heap after GC invocations=10 (full 1):
 PSYoungGen      total 117760K, used 10228K [0x00000000e0000000, 0x00000000ea480000, 0x0000000100000000)
  eden space 106496K, 0% used [0x00000000e0000000,0x00000000e0000000,0x00000000e6800000)
  from space 11264K, 90% used [0x00000000e6800000,0x00000000e71fd2e0,0x00000000e7300000)
  to   space 11776K, 0% used [0x00000000e9900000,0x00000000e9900000,0x00000000ea480000)
 ParOldGen       total 58368K, used 8368K [0x00000000a0000000, 0x00000000a3900000, 0x00000000e0000000)
  object space 58368K, 14% used [0x00000000a0000000,0x00000000a082c150,0x00000000a3900000)
 Metaspace       used 34685K, capacity 35336K, committed 35456K, reserved 1079296K
  class space    used 4777K, capacity 4989K, committed 4992K, reserved 1048576K
}
Event: 8.633 GC heap before
{Heap before GC invocations=11 (full 2):
 PSYoungGen      total 117760K, used 10228K [0x00000000e0000000, 0x00000000ea480000, 0x0000000100000000)
  eden space 106496K, 0% used [0x00000000e0000000,0x00000000e0000000,0x00000000e6800000)
  from space 11264K, 90% used [0x00000000e6800000,0x00000000e71fd2e0,0x00000000e7300000)
  to   space 11776K, 0% used [0x00000000e9900000,0x00000000e9900000,0x00000000ea480000)
 ParOldGen       total 58368K, used 8368K [0x00000000a0000000, 0x00000000a3900000, 0x00000000e0000000)
  object space 58368K, 14% used [0x00000000a0000000,0x00000000a082c150,0x00000000a3900000)
 Metaspace       used 34685K, capacity 35336K, committed 35456K, reserved 1079296K
  class space    used 4777K, capacity 4989K, committed 4992K, reserved 1048576K
Event: 8.745 GC heap after
Heap after GC invocations=11 (full 2):
 PSYoungGen      total 117760K, used 0K [0x00000000e0000000, 0x00000000ea480000, 0x0000000100000000)
  eden space 106496K, 0% used [0x00000000e0000000,0x00000000e0000000,0x00000000e6800000)
  from space 11264K, 0% used [0x00000000e6800000,0x00000000e6800000,0x00000000e7300000)
  to   space 11776K, 0% used [0x00000000e9900000,0x00000000e9900000,0x00000000ea480000)
 ParOldGen       total 91648K, used 17165K [0x00000000a0000000, 0x00000000a5980000, 0x00000000e0000000)
  object space 91648K, 18% used [0x00000000a0000000,0x00000000a10c3588,0x00000000a5980000)
 Metaspace       used 34685K, capacity 35336K, committed 35456K, reserved 1079296K
  class space    used 4777K, capacity 4989K, committed 4992K, reserved 1048576K
}
Event: 11.131 GC heap before
{Heap before GC invocations=12 (full 2):
 PSYoungGen      total 117760K, used 106496K [0x00000000e0000000, 0x00000000ea480000, 0x0000000100000000)
  eden space 106496K, 100% used [0x00000000e0000000,0x00000000e6800000,0x00000000e6800000)
  from space 11264K, 0% used [0x00000000e6800000,0x00000000e6800000,0x00000000e7300000)
  to   space 11776K, 0% used [0x00000000e9900000,0x00000000e9900000,0x00000000ea480000)
 ParOldGen       total 91648K, used 17165K [0x00000000a0000000, 0x00000000a5980000, 0x00000000e0000000)
  object space 91648K, 18% used [0x00000000a0000000,0x00000000a10c3588,0x00000000a5980000)
 Metaspace       used 45284K, capacity 46242K, committed 46592K, reserved 1089536K
  class space    used 6074K, capacity 6343K, committed 6400K, reserved 1048576K
Event: 11.150 GC heap after
Heap after GC invocations=12 (full 2):
 PSYoungGen      total 144896K, used 11773K [0x00000000e0000000, 0x00000000ea480000, 0x0000000100000000)
  eden space 133120K, 0% used [0x00000000e0000000,0x00000000e0000000,0x00000000e8200000)
  from space 11776K, 99% used [0x00000000e9900000,0x00000000ea47f490,0x00000000ea480000)
  to   space 14336K, 0% used [0x00000000e8880000,0x00000000e8880000,0x00000000e9680000)
 ParOldGen       total 91648K, used 19831K [0x00000000a0000000, 0x00000000a5980000, 0x00000000e0000000)
  object space 91648K, 21% used [0x00000000a0000000,0x00000000a135def8,0x00000000a5980000)
 Metaspace       used 45284K, capacity 46242K, committed 46592K, reserved 1089536K
  class space    used 6074K, capacity 6343K, committed 6400K, reserved 1048576K
}
Event: 14.044 GC heap before
{Heap before GC invocations=13 (full 2):
 PSYoungGen      total 144896K, used 144893K [0x00000000e0000000, 0x00000000ea480000, 0x0000000100000000)
  eden space 133120K, 100% used [0x00000000e0000000,0x00000000e8200000,0x00000000e8200000)
  from space 11776K, 99% used [0x00000000e9900000,0x00000000ea47f490,0x00000000ea480000)
  to   space 14336K, 0% used [0x00000000e8880000,0x00000000e8880000,0x00000000e9680000)
 ParOldGen       total 91648K, used 19831K [0x00000000a0000000, 0x00000000a5980000, 0x00000000e0000000)
  object space 91648K, 21% used [0x00000000a0000000,0x00000000a135def8,0x00000000a5980000)
 Metaspace       used 53434K, capacity 54964K, committed 55168K, reserved 1097728K
  class space    used 7268K, capacity 7718K, committed 7808K, reserved 1048576K
Event: 14.139 GC heap after
Heap after GC invocations=13 (full 2):
 PSYoungGen      total 147456K, used 14326K [0x00000000e0000000, 0x00000000ea480000, 0x0000000100000000)
  eden space 133120K, 0% used [0x00000000e0000000,0x00000000e0000000,0x00000000e8200000)
  from space 14336K, 99% used [0x00000000e8880000,0x00000000e967d938,0x00000000e9680000)
  to   space 11776K, 0% used [0x00000000e9900000,0x00000000e9900000,0x00000000ea480000)
 ParOldGen       total 91648K, used 27829K [0x00000000a0000000, 0x00000000a5980000, 0x00000000e0000000)
  object space 91648K, 30% used [0x00000000a0000000,0x00000000a1b2d768,0x00000000a5980000)
 Metaspace       used 53434K, capacity 54964K, committed 55168K, reserved 1097728K
  class space    used 7268K, capacity 7718K, committed 7808K, reserved 1048576K
}

