# JRE version: OpenJDK Runtime Environment (8.0_242-b01) (build 1.8.0_242-release-1644-b01)
# Java VM: OpenJDK 64-Bit Server VM (25.242-b01 mixed mode windows-amd64 compressed oops)
Heap:
 PSYoungGen      total 189952K, used 179658K [0x00000000e0000000, 0x00000000eed00000, 0x0000000100000000)
  eden space 171008K, 94% used [0x00000000e0000000,0x00000000e9e5d8e0,0x00000000ea700000)
  from space 18944K, 92% used [0x00000000ea700000,0x00000000eb815038,0x00000000eb980000)
  to   space 20992K, 0% used [0x00000000ed880000,0x00000000ed880000,0x00000000eed00000)
 ParOldGen       total 142336K, used 35717K [0x00000000a0000000, 0x00000000a8b00000, 0x00000000e0000000)
  object space 142336K, 25% used [0x00000000a0000000,0x00000000a22e1710,0x00000000a8b00000)
 Metaspace       used 66870K, capacity 69078K, committed 69288K, reserved 1110016K
  class space    used 8979K, capacity 9523K, committed 9640K, reserved 1048576K
GC Heap History (10 events):
Event: 10.008 GC heap before
{Heap before GC invocations=12 (full 2):
 PSYoungGen      total 118272K, used 107008K [0x00000000e0000000, 0x00000000ea700000, 0x0000000100000000)
  eden space 107008K, 100% used [0x00000000e0000000,0x00000000e6880000,0x00000000e6880000)
  from space 11264K, 0% used [0x00000000e6880000,0x00000000e6880000,0x00000000e7380000)
  to   space 11776K, 0% used [0x00000000e9b80000,0x00000000e9b80000,0x00000000ea700000)
 ParOldGen       total 91136K, used 17340K [0x00000000a0000000, 0x00000000a5900000, 0x00000000e0000000)
  object space 91136K, 19% used [0x00000000a0000000,0x00000000a10ef0d0,0x00000000a5900000)
 Metaspace       used 45310K, capacity 46256K, committed 46632K, reserved 1089536K
  class space    used 6105K, capacity 6409K, committed 6440K, reserved 1048576K
Event: 10.034 GC heap after
Heap after GC invocations=12 (full 2):
 PSYoungGen      total 146944K, used 11765K [0x00000000e0000000, 0x00000000ea700000, 0x0000000100000000)
  eden space 135168K, 0% used [0x00000000e0000000,0x00000000e0000000,0x00000000e8400000)
  from space 11776K, 99% used [0x00000000e9b80000,0x00000000ea6fd588,0x00000000ea700000)
  to   space 14336K, 0% used [0x00000000e8b00000,0x00000000e8b00000,0x00000000e9900000)
 ParOldGen       total 91136K, used 20276K [0x00000000a0000000, 0x00000000a5900000, 0x00000000e0000000)
  object space 91136K, 22% used [0x00000000a0000000,0x00000000a13cd170,0x00000000a5900000)
 Metaspace       used 45310K, capacity 46256K, committed 46632K, reserved 1089536K
  class space    used 6105K, capacity 6409K, committed 6440K, reserved 1048576K
}
Event: 12.019 GC heap before
{Heap before GC invocations=13 (full 2):
 PSYoungGen      total 146944K, used 146933K [0x00000000e0000000, 0x00000000ea700000, 0x0000000100000000)
  eden space 135168K, 100% used [0x00000000e0000000,0x00000000e8400000,0x00000000e8400000)
  from space 11776K, 99% used [0x00000000e9b80000,0x00000000ea6fd588,0x00000000ea700000)
  to   space 14336K, 0% used [0x00000000e8b00000,0x00000000e8b00000,0x00000000e9900000)
 ParOldGen       total 91136K, used 20276K [0x00000000a0000000, 0x00000000a5900000, 0x00000000e0000000)
  object space 91136K, 22% used [0x00000000a0000000,0x00000000a13cd170,0x00000000a5900000)
 Metaspace       used 53351K, capacity 54910K, committed 55080K, reserved 1097728K
  class space    used 7259K, capacity 7716K, committed 7720K, reserved 1048576K
Event: 12.059 GC heap after
Heap after GC invocations=13 (full 2):
 PSYoungGen      total 156672K, used 14306K [0x00000000e0000000, 0x00000000ecc00000, 0x0000000100000000)
  eden space 142336K, 0% used [0x00000000e0000000,0x00000000e0000000,0x00000000e8b00000)
  from space 14336K, 99% used [0x00000000e8b00000,0x00000000e98f88f8,0x00000000e9900000)
  to   space 18944K, 0% used [0x00000000eb980000,0x00000000eb980000,0x00000000ecc00000)
 ParOldGen       total 91136K, used 28142K [0x00000000a0000000, 0x00000000a5900000, 0x00000000e0000000)
  object space 91136K, 30% used [0x00000000a0000000,0x00000000a1b7b940,0x00000000a5900000)
 Metaspace       used 53351K, capacity 54910K, committed 55080K, reserved 1097728K
  class space    used 7259K, capacity 7716K, committed 7720K, reserved 1048576K
}
Event: 13.139 GC heap before
{Heap before GC invocations=14 (full 2):
 PSYoungGen      total 156672K, used 67103K [0x00000000e0000000, 0x00000000ecc00000, 0x0000000100000000)
  eden space 142336K, 37% used [0x00000000e0000000,0x00000000e338f400,0x00000000e8b00000)
  from space 14336K, 99% used [0x00000000e8b00000,0x00000000e98f88f8,0x00000000e9900000)
  to   space 18944K, 0% used [0x00000000eb980000,0x00000000eb980000,0x00000000ecc00000)
 ParOldGen       total 91136K, used 28142K [0x00000000a0000000, 0x00000000a5900000, 0x00000000e0000000)
  object space 91136K, 30% used [0x00000000a0000000,0x00000000a1b7b940,0x00000000a5900000)
 Metaspace       used 57440K, capacity 59124K, committed 59160K, reserved 1099776K
  class space    used 7854K, capacity 8343K, committed 8360K, reserved 1048576K
Event: 13.166 GC heap after
Heap after GC invocations=14 (full 2):
 PSYoungGen      total 189952K, used 5212K [0x00000000e0000000, 0x00000000ed680000, 0x0000000100000000)
  eden space 171008K, 0% used [0x00000000e0000000,0x00000000e0000000,0x00000000ea700000)
  from space 18944K, 27% used [0x00000000eb980000,0x00000000ebe97360,0x00000000ecc00000)
  to   space 18944K, 0% used [0x00000000ea700000,0x00000000ea700000,0x00000000eb980000)
 ParOldGen       total 91136K, used 36756K [0x00000000a0000000, 0x00000000a5900000, 0x00000000e0000000)
  object space 91136K, 40% used [0x00000000a0000000,0x00000000a23e5048,0x00000000a5900000)
 Metaspace       used 57440K, capacity 59124K, committed 59160K, reserved 1099776K
  class space    used 7854K, capacity 8343K, committed 8360K, reserved 1048576K
}
Event: 13.166 GC heap before
{Heap before GC invocations=15 (full 3):
 PSYoungGen      total 189952K, used 5212K [0x00000000e0000000, 0x00000000ed680000, 0x0000000100000000)
  eden space 171008K, 0% used [0x00000000e0000000,0x00000000e0000000,0x00000000ea700000)
  from space 18944K, 27% used [0x00000000eb980000,0x00000000ebe97360,0x00000000ecc00000)
  to   space 18944K, 0% used [0x00000000ea700000,0x00000000ea700000,0x00000000eb980000)
 ParOldGen       total 91136K, used 36756K [0x00000000a0000000, 0x00000000a5900000, 0x00000000e0000000)
  object space 91136K, 40% used [0x00000000a0000000,0x00000000a23e5048,0x00000000a5900000)
 Metaspace       used 57440K, capacity 59124K, committed 59160K, reserved 1099776K
  class space    used 7854K, capacity 8343K, committed 8360K, reserved 1048576K
Event: 13.590 GC heap after
Heap after GC invocations=15 (full 3):
 PSYoungGen      total 189952K, used 0K [0x00000000e0000000, 0x00000000ed680000, 0x0000000100000000)
  eden space 171008K, 0% used [0x00000000e0000000,0x00000000e0000000,0x00000000ea700000)
  from space 18944K, 0% used [0x00000000eb980000,0x00000000eb980000,0x00000000ecc00000)
  to   space 18944K, 0% used [0x00000000ea700000,0x00000000ea700000,0x00000000eb980000)
 ParOldGen       total 142336K, used 35709K [0x00000000a0000000, 0x00000000a8b00000, 0x00000000e0000000)
  object space 142336K, 25% used [0x00000000a0000000,0x00000000a22df710,0x00000000a8b00000)
 Metaspace       used 57440K, capacity 59124K, committed 59160K, reserved 1099776K
  class space    used 7854K, capacity 8343K, committed 8360K, reserved 1048576K
}
Event: 19.253 GC heap before
{Heap before GC invocations=16 (full 3):
 PSYoungGen      total 189952K, used 171008K [0x00000000e0000000, 0x00000000ed680000, 0x0000000100000000)
  eden space 171008K, 100% used [0x00000000e0000000,0x00000000ea700000,0x00000000ea700000)
  from space 18944K, 0% used [0x00000000eb980000,0x00000000eb980000,0x00000000ecc00000)
  to   space 18944K, 0% used [0x00000000ea700000,0x00000000ea700000,0x00000000eb980000)
 ParOldGen       total 142336K, used 35709K [0x00000000a0000000, 0x00000000a8b00000, 0x00000000e0000000)
  object space 142336K, 25% used [0x00000000a0000000,0x00000000a22df710,0x00000000a8b00000)
 Metaspace       used 64164K, capacity 66198K, committed 66344K, reserved 1105920K
  class space    used 8672K, capacity 9190K, committed 9256K, reserved 1048576K
Event: 19.280 GC heap after
Heap after GC invocations=16 (full 3):
 PSYoungGen      total 189952K, used 17492K [0x00000000e0000000, 0x00000000eed00000, 0x0000000100000000)
  eden space 171008K, 0% used [0x00000000e0000000,0x00000000e0000000,0x00000000ea700000)
  from space 18944K, 92% used [0x00000000ea700000,0x00000000eb815038,0x00000000eb980000)
  to   space 20992K, 0% used [0x00000000ed880000,0x00000000ed880000,0x00000000eed00000)
 ParOldGen       total 142336K, used 35717K [0x00000000a0000000, 0x00000000a8b00000, 0x00000000e0000000)
  object space 142336K, 25% used [0x00000000a0000000,0x00000000a22e1710,0x00000000a8b00000)
 Metaspace       used 64164K, capacity 66198K, committed 66344K, reserved 1105920K
  class space    used 8672K, capacity 9190K, committed 9256K, reserved 1048576K
}

